Arguments: 
  C:\Program Files\nodejs\node.exe C:\Users\gabriel.greenfield\AppData\Roaming\npm\node_modules\yarn\bin\yarn.js start

PATH: 
  C:\Program Files (x86)\Intel\Intel(R) Management Engine Components\iCLS\;C:\Program Files\Intel\Intel(R) Management Engine Components\iCLS\;C:\ProgramData\Oracle\Java\javapath;C:\Program Files\Common Files\Microsoft Shared\Microsoft Online Services;C:\Program Files (x86)\Common Files\Microsoft Shared\Microsoft Online Services;C:\WINDOWS\system32;C:\WINDOWS;C:\WINDOWS\System32\Wbem;C:\WINDOWS\System32\WindowsPowerShell\v1.0\;C:\Program Files (x86)\Intel\Intel(R) Management Engine Components\DAL;C:\Program Files\Intel\Intel(R) Management Engine Components\DAL;C:\Program Files (x86)\Intel\Intel(R) Management Engine Components\IPT;C:\Program Files\Intel\Intel(R) Management Engine Components\IPT;C:\Program Files\Microsoft SQL Server\110\Tools\Binn\;C:\Program Files (x86)\Microsoft SDKs\TypeScript\1.0\;C:\Program Files\Microsoft SQL Server\120\Tools\Binn\;C:\Program Files\dotnet\;C:\Program Files\Microsoft SQL Server\130\Tools\Binn\;C:\Program Files (x86)\Brackets\command;C:\Program Files\nodejs\;C:\Program Files\Microsoft VS Code\bin;C:\Program Files\Microsoft\Web Platform Installer\;C:\ProgramData\chocolatey\bin;C:\tools\go\bin;C:\WINDOWS\System32\OpenSSH\;C:\Program Files\Git\cmd;C:\Users\gabriel.greenfield\AppData\Local\Microsoft\WindowsApps;C:\Users\gabriel.greenfield\AppData\Roaming\npm;C:\Program Files\Microsoft VS Code\bin;C:\Users\gabriel.greenfield\AppData\Roaming\Dashlane\5.12.0.19744\bin\Firefox_Extension\{442718d9-475e-452a-b3e1-fb1ee16b8e9f}\components;C:\Users\gabriel.greenfield\AppData\Roaming\Dashlane\5.12.0.19744\ucrt;C:\Users\gabriel.greenfield\AppData\Local\Programs\Fiddler;C:\Users\gabriel.greenfield\AppData\Local\Programs\Microsoft VS Code\bin;%DASHLANE_DLL_DIR%;C:\tools\mingw64\bin;;C:\Users\gabriel.greenfield\AppData\Local\Microsoft\WindowsApps

Yarn version: 
  1.5.1

Node version: 
  10.0.0

Platform: 
  win32 x64

npm manifest: 
  No manifest

yarn manifest: 
  No manifest

Lockfile: 
  No lockfile

Trace: 
  Error: Couldn't find a package.json file in "C:\\Users\\gabriel.greenfield\\where-in-the-world"
      at new MessageError (C:\Users\gabriel.greenfield\AppData\Roaming\npm\node_modules\yarn\lib\cli.js:186:110)
      at C:\Users\gabriel.greenfield\AppData\Roaming\npm\node_modules\yarn\lib\cli.js:40048:15
      at Generator.next (<anonymous>)
      at step (C:\Users\gabriel.greenfield\AppData\Roaming\npm\node_modules\yarn\lib\cli.js:98:30)
      at C:\Users\gabriel.greenfield\AppData\Roaming\npm\node_modules\yarn\lib\cli.js:109:13
